<?xml version="1.0" encoding="UTF-8"?>
<!-- Generated by org.testng.reporters.JUnitXMLReporter -->
<testsuite hostname="DESKTOP-KQJE488" ignored="0" name="Default test" tests="5" failures="0" timestamp="31 Jan 2020 23:06:41 GMT" time="4.19" errors="0">
  <testcase name="testUsersCreatePost" time="2.774" classname="com.apitech.test.QA_Tech_API_Code"/>
  <testcase name="testUsersUpdatePut" time="0.212" classname="com.apitech.test.QA_Tech_API_Code"/>
  <testcase name="testUsersShowMeGet" time="0.246" classname="com.apitech.test.QA_Tech_API_Code"/>
  <testcase name="testUsersShowIDGet" time="0.238" classname="com.apitech.test.QA_Tech_API_Code"/>
  <testcase name="testWidgetCreateVisiblePost" time="0.183" classname="com.apitech.test.QA_Tech_API_Code"/>
</testsuite> <!-- Default test -->
