<?xml version="1.0" encoding="UTF-8"?>
<!-- Generated by org.testng.reporters.JUnitXMLReporter -->
<testsuite hostname="DESKTOP-KQJE488" ignored="0" name="Default test" tests="5" failures="0" timestamp="31 Jan 2020 22:22:48 GMT" time="4.84" errors="0">
  <testcase name="testUsersCreatePost" time="3.138" classname="com.apitech.test.QA_Tech_API_Code"/>
  <testcase name="testUsersUpdatePut" time="0.293" classname="com.apitech.test.QA_Tech_API_Code"/>
  <testcase name="testUsersShowMeGet" time="0.415" classname="com.apitech.test.QA_Tech_API_Code"/>
  <testcase name="testUsersShowIDGet" time="0.295" classname="com.apitech.test.QA_Tech_API_Code"/>
  <testcase name="testWidgetCreateVisiblePost" time="0.305" classname="com.apitech.test.QA_Tech_API_Code"/>
</testsuite> <!-- Default test -->
